[debug] [2026-05-03T20:16:39.041Z] ----------------------------------------------------------------------
[debug] [2026-05-03T20:16:39.045Z] Command:       D:\node.exe C:\Users\Dell\AppData\Roaming\npm\node_modules\firebase-tools\lib\bin\firebase.js deploy
[debug] [2026-05-03T20:16:39.045Z] CLI Version:   15.16.0
[debug] [2026-05-03T20:16:39.045Z] Platform:      win32
[debug] [2026-05-03T20:16:39.045Z] Node Version:  v24.15.0
[debug] [2026-05-03T20:16:39.045Z] Time:          Mon May 04 2026 01:46:39 GMT+0530 (India Standard Time)
[debug] [2026-05-03T20:16:39.045Z] ----------------------------------------------------------------------
[debug] 
[debug] [2026-05-03T20:16:39.048Z] >>> [apiv2][query] GET https://firebase-public.firebaseio.com/cli.json [none]
[debug] [2026-05-03T20:17:42.701Z] > command requires scopes: ["email","openid","https://www.googleapis.com/auth/cloudplatformprojects.readonly","https://www.googleapis.com/auth/firebase","https://www.googleapis.com/auth/cloud-platform"]
[debug] [2026-05-03T20:17:42.701Z] > authorizing via signed-in user (mobilitysync@gmail.com)
[debug] [2026-05-03T20:17:42.701Z] [iam] checking project freebie-5762a for permissions ["cloudfunctions.functions.create","cloudfunctions.functions.delete","cloudfunctions.functions.get","cloudfunctions.functions.list","cloudfunctions.functions.update","cloudfunctions.operations.get","firebase.projects.get","firebasehosting.sites.update"]
[debug] [2026-05-03T20:17:42.702Z] Checked if tokens are valid: false, expires at: 1777803871262
[debug] [2026-05-03T20:17:42.702Z] Checked if tokens are valid: false, expires at: 1777803871262
[debug] [2026-05-03T20:17:42.702Z] > refreshing access token with scopes: []
[debug] [2026-05-03T20:17:42.703Z] >>> [apiv2][query] POST https://www.googleapis.com/oauth2/v3/token [none]
[debug] [2026-05-03T20:17:42.704Z] >>> [apiv2][body] POST https://www.googleapis.com/oauth2/v3/token [omitted]
[debug] [2026-05-03T20:17:43.065Z] <<< [apiv2][status] POST https://www.googleapis.com/oauth2/v3/token 200
[debug] [2026-05-03T20:17:43.065Z] <<< [apiv2][body] POST https://www.googleapis.com/oauth2/v3/token [omitted]
[debug] [2026-05-03T20:17:43.130Z] >>> [apiv2][query] POST https://cloudresourcemanager.googleapis.com/v1/projects/freebie-5762a:testIamPermissions [none]
[debug] [2026-05-03T20:17:43.130Z] >>> [apiv2][(partial)header] POST https://cloudresourcemanager.googleapis.com/v1/projects/freebie-5762a:testIamPermissions  x-goog-user-project=freebie-5762a
[debug] [2026-05-03T20:17:43.130Z] >>> [apiv2][body] POST https://cloudresourcemanager.googleapis.com/v1/projects/freebie-5762a:testIamPermissions {"permissions":["cloudfunctions.functions.create","cloudfunctions.functions.delete","cloudfunctions.functions.get","cloudfunctions.functions.list","cloudfunctions.functions.update","cloudfunctions.operations.get","firebase.projects.get","firebasehosting.sites.update"]}
[debug] [2026-05-03T20:17:43.525Z] <<< [apiv2][status] GET https://firebase-public.firebaseio.com/cli.json 200
[debug] [2026-05-03T20:17:43.525Z] <<< [apiv2][body] GET https://firebase-public.firebaseio.com/cli.json {"cloudBuildErrorAfter":1594252800000,"cloudBuildWarnAfter":1590019200000,"defaultNode10After":1594252800000,"minVersion":"3.0.5","node8DeploysDisabledAfter":1613390400000,"node8RuntimeDisabledAfter":1615809600000,"node8WarnAfter":1600128000000}
[debug] [2026-05-03T20:17:44.688Z] <<< [apiv2][status] POST https://cloudresourcemanager.googleapis.com/v1/projects/freebie-5762a:testIamPermissions 200
[debug] [2026-05-03T20:17:44.688Z] <<< [apiv2][body] POST https://cloudresourcemanager.googleapis.com/v1/projects/freebie-5762a:testIamPermissions {"permissions":["cloudfunctions.functions.create","cloudfunctions.functions.delete","cloudfunctions.functions.get","cloudfunctions.functions.list","cloudfunctions.functions.update","cloudfunctions.operations.get","firebase.projects.get","firebasehosting.sites.update"]}
[debug] [2026-05-03T20:17:44.689Z] Checked if tokens are valid: true, expires at: 1777843062065
[debug] [2026-05-03T20:17:44.689Z] Checked if tokens are valid: true, expires at: 1777843062065
[debug] [2026-05-03T20:17:44.690Z] >>> [apiv2][query] POST https://iam.googleapis.com/v1/projects/freebie-5762a/serviceAccounts/freebie-5762a@appspot.gserviceaccount.com:testIamPermissions [none]
[debug] [2026-05-03T20:17:44.690Z] >>> [apiv2][body] POST https://iam.googleapis.com/v1/projects/freebie-5762a/serviceAccounts/freebie-5762a@appspot.gserviceaccount.com:testIamPermissions {"permissions":["iam.serviceAccounts.actAs"]}
[debug] [2026-05-03T20:17:46.700Z] <<< [apiv2][status] POST https://iam.googleapis.com/v1/projects/freebie-5762a/serviceAccounts/freebie-5762a@appspot.gserviceaccount.com:testIamPermissions 200
[debug] [2026-05-03T20:17:46.700Z] <<< [apiv2][body] POST https://iam.googleapis.com/v1/projects/freebie-5762a/serviceAccounts/freebie-5762a@appspot.gserviceaccount.com:testIamPermissions {"permissions":["iam.serviceAccounts.actAs"]}
[debug] [2026-05-03T20:17:46.702Z] Checked if tokens are valid: true, expires at: 1777843062065
[debug] [2026-05-03T20:17:46.702Z] Checked if tokens are valid: true, expires at: 1777843062065
[debug] [2026-05-03T20:17:46.703Z] >>> [apiv2][query] GET https://firebase.googleapis.com/v1beta1/projects/freebie-5762a [none]
[debug] [2026-05-03T20:17:47.414Z] <<< [apiv2][status] GET https://firebase.googleapis.com/v1beta1/projects/freebie-5762a 200
[debug] [2026-05-03T20:17:47.415Z] <<< [apiv2][body] GET https://firebase.googleapis.com/v1beta1/projects/freebie-5762a {"projectId":"freebie-5762a","projectNumber":"621180509813","displayName":"freebie","name":"projects/freebie-5762a","resources":{"hostingSite":"freebie-5762a"},"state":"ACTIVE","etag":"1_13d3b159-98a2-4da1-ad0a-c89142ce0fd8"}
[info] 
[info] === Deploying to 'freebie-5762a'...
[info] 
[info] i  deploying functions, hosting 
[debug] [2026-05-03T20:17:47.432Z] Checked if tokens are valid: true, expires at: 1777843062065
[debug] [2026-05-03T20:17:47.432Z] Checked if tokens are valid: true, expires at: 1777843062065
[debug] [2026-05-03T20:17:47.433Z] >>> [apiv2][query] GET https://cloudresourcemanager.googleapis.com/v1/projects/freebie-5762a [none]
[debug] [2026-05-03T20:17:47.797Z] <<< [apiv2][status] GET https://cloudresourcemanager.googleapis.com/v1/projects/freebie-5762a 200
[debug] [2026-05-03T20:17:47.798Z] <<< [apiv2][body] GET https://cloudresourcemanager.googleapis.com/v1/projects/freebie-5762a {"projectNumber":"621180509813","projectId":"freebie-5762a","lifecycleState":"ACTIVE","name":"freebie","labels":{"firebase":"enabled","firebase-core":"disabled"},"createTime":"2026-05-01T14:20:31.435Z"}
[info] i  functions: preparing codebase default for deployment 
[info] i  functions: ensuring required API cloudfunctions.googleapis.com is enabled... 
[info] i  functions: ensuring required API cloudbuild.googleapis.com is enabled... 
[info] i  artifactregistry: ensuring required API artifactregistry.googleapis.com is enabled... 
[debug] [2026-05-03T20:17:47.804Z] Checked if tokens are valid: true, expires at: 1777843062065
[debug] [2026-05-03T20:17:47.804Z] Checked if tokens are valid: true, expires at: 1777843062065
[debug] [2026-05-03T20:17:47.805Z] >>> [apiv2][query] GET https://firebase.googleapis.com/v1beta1/projects/freebie-5762a/adminSdkConfig [none]
[debug] [2026-05-03T20:17:48.206Z] <<< [apiv2][status] GET https://firebase.googleapis.com/v1beta1/projects/freebie-5762a/adminSdkConfig 200
[debug] [2026-05-03T20:17:48.206Z] <<< [apiv2][body] GET https://firebase.googleapis.com/v1beta1/projects/freebie-5762a/adminSdkConfig {"projectId":"freebie-5762a","storageBucket":"freebie-5762a.firebasestorage.app"}
[debug] [2026-05-03T20:17:48.207Z] Checked if tokens are valid: true, expires at: 1777843062065
[debug] [2026-05-03T20:17:48.207Z] Checked if tokens are valid: true, expires at: 1777843062065
[debug] [2026-05-03T20:17:48.207Z] >>> [apiv2][query] GET https://runtimeconfig.googleapis.com/v1beta1/projects/freebie-5762a/configs [none]
[debug] [2026-05-03T20:17:48.952Z] <<< [apiv2][status] GET https://runtimeconfig.googleapis.com/v1beta1/projects/freebie-5762a/configs 200
[debug] [2026-05-03T20:17:48.953Z] <<< [apiv2][body] GET https://runtimeconfig.googleapis.com/v1beta1/projects/freebie-5762a/configs {}
[debug] [2026-05-03T20:17:48.957Z] Validating nodejs source
[warn] !  functions: Runtime Node.js 20 was deprecated on 2026-04-30 and will be decommissioned on 2026-10-30, after which you will not be able to deploy without upgrading. Consider upgrading now to avoid disruption. See https://cloud.google.com/functions/docs/runtime-support for full details on the lifecycle policy 
[warn] !  functions: Couldn't find firebase-functions package in your source code. Have you run 'npm install'? 
[debug] [2026-05-03T20:17:48.962Z] getFunctionsSDKVersion encountered error: Cannot find module 'firebase-functions'
Require stack:
- C:\Users\Dell\AppData\Roaming\npm\node_modules\firebase-tools\lib\deploy\functions\runtimes\node\versioning.js
- C:\Users\Dell\AppData\Roaming\npm\node_modules\firebase-tools\lib\deploy\functions\runtimes\node\index.js
- C:\Users\Dell\AppData\Roaming\npm\node_modules\firebase-tools\lib\deploy\functions\runtimes\index.js
- C:\Users\Dell\AppData\Roaming\npm\node_modules\firebase-tools\lib\deploy\functions\prepare.js
- C:\Users\Dell\AppData\Roaming\npm\node_modules\firebase-tools\lib\emulator\functionsEmulatorShared.js
- C:\Users\Dell\AppData\Roaming\npm\node_modules\firebase-tools\lib\frameworks\index.js
- C:\Users\Dell\AppData\Roaming\npm\node_modules\firebase-tools\lib\deploy\hosting\prepare.js
- C:\Users\Dell\AppData\Roaming\npm\node_modules\firebase-tools\lib\deploy\hosting\index.js
- C:\Users\Dell\AppData\Roaming\npm\node_modules\firebase-tools\lib\deploy\index.js
- C:\Users\Dell\AppData\Roaming\npm\node_modules\firebase-tools\lib\commands\deploy.js
- C:\Users\Dell\AppData\Roaming\npm\node_modules\firebase-tools\lib\commands\index.js
- C:\Users\Dell\AppData\Roaming\npm\node_modules\firebase-tools\lib\index.js
- C:\Users\Dell\AppData\Roaming\npm\node_modules\firebase-tools\lib\bin\cli.js
- C:\Users\Dell\AppData\Roaming\npm\node_modules\firebase-tools\lib\bin\firebase.js {"code":"MODULE_NOT_FOUND","requireStack":["C:\\Users\\Dell\\AppData\\Roaming\\npm\\node_modules\\firebase-tools\\lib\\deploy\\functions\\runtimes\\node\\versioning.js","C:\\Users\\Dell\\AppData\\Roaming\\npm\\node_modules\\firebase-tools\\lib\\deploy\\functions\\runtimes\\node\\index.js","C:\\Users\\Dell\\AppData\\Roaming\\npm\\node_modules\\firebase-tools\\lib\\deploy\\functions\\runtimes\\index.js","C:\\Users\\Dell\\AppData\\Roaming\\npm\\node_modules\\firebase-tools\\lib\\deploy\\functions\\prepare.js","C:\\Users\\Dell\\AppData\\Roaming\\npm\\node_modules\\firebase-tools\\lib\\emulator\\functionsEmulatorShared.js","C:\\Users\\Dell\\AppData\\Roaming\\npm\\node_modules\\firebase-tools\\lib\\frameworks\\index.js","C:\\Users\\Dell\\AppData\\Roaming\\npm\\node_modules\\firebase-tools\\lib\\deploy\\hosting\\prepare.js","C:\\Users\\Dell\\AppData\\Roaming\\npm\\node_modules\\firebase-tools\\lib\\deploy\\hosting\\index.js","C:\\Users\\Dell\\AppData\\Roaming\\npm\\node_modules\\firebase-tools\\lib\\deploy\\index.js","C:\\Users\\Dell\\AppData\\Roaming\\npm\\node_modules\\firebase-tools\\lib\\commands\\deploy.js","C:\\Users\\Dell\\AppData\\Roaming\\npm\\node_modules\\firebase-tools\\lib\\commands\\index.js","C:\\Users\\Dell\\AppData\\Roaming\\npm\\node_modules\\firebase-tools\\lib\\index.js","C:\\Users\\Dell\\AppData\\Roaming\\npm\\node_modules\\firebase-tools\\lib\\bin\\cli.js","C:\\Users\\Dell\\AppData\\Roaming\\npm\\node_modules\\firebase-tools\\lib\\bin\\firebase.js"]}
[debug] [2026-05-03T20:17:48.964Z] checkFunctionsSDKVersion encountered error: Invalid Version:  {}
[debug] [2026-05-03T20:17:48.966Z] > [functions] package.json contents: {
  "name": "freebie-functions",
  "description": "Firebase Cloud Functions for Freebie",
  "private": true,
  "main": "index.js",
  "engines": {
    "node": "20"
  },
  "scripts": {
    "serve": "firebase emulators:start --only functions",
    "deploy": "firebase deploy --only functions"
  },
  "dependencies": {
    "firebase-functions": "^6.0.1",
    "nodemailer": "^6.9.16"
  }
}
[debug] [2026-05-03T20:17:48.967Z] Building nodejs source
[info] i  functions: Loading and analyzing source code for codebase default to determine what to deploy 
[debug] [2026-05-03T20:17:48.968Z] Could not parse firebase-functions version '' into semver.
[debug] [2026-05-03T20:17:48.970Z] Could not find functions.yaml. Must use http discovery
[debug] [2026-05-03T20:17:49.670Z] Error: Cannot find module 'firebase-functions'
Require stack:
- C:\Users\Dell\AppData\Roaming\npm\node_modules\firebase-tools\lib\deploy\functions\runtimes\node\index.js
- C:\Users\Dell\AppData\Roaming\npm\node_modules\firebase-tools\lib\deploy\functions\runtimes\index.js
- C:\Users\Dell\AppData\Roaming\npm\node_modules\firebase-tools\lib\deploy\functions\prepare.js
- C:\Users\Dell\AppData\Roaming\npm\node_modules\firebase-tools\lib\emulator\functionsEmulatorShared.js
- C:\Users\Dell\AppData\Roaming\npm\node_modules\firebase-tools\lib\frameworks\index.js
- C:\Users\Dell\AppData\Roaming\npm\node_modules\firebase-tools\lib\deploy\hosting\prepare.js
- C:\Users\Dell\AppData\Roaming\npm\node_modules\firebase-tools\lib\deploy\hosting\index.js
- C:\Users\Dell\AppData\Roaming\npm\node_modules\firebase-tools\lib\deploy\index.js
- C:\Users\Dell\AppData\Roaming\npm\node_modules\firebase-tools\lib\commands\deploy.js
- C:\Users\Dell\AppData\Roaming\npm\node_modules\firebase-tools\lib\commands\index.js
- C:\Users\Dell\AppData\Roaming\npm\node_modules\firebase-tools\lib\index.js
- C:\Users\Dell\AppData\Roaming\npm\node_modules\firebase-tools\lib\bin\cli.js
- C:\Users\Dell\AppData\Roaming\npm\node_modules\firebase-tools\lib\bin\firebase.js
    at Module._resolveFilename (node:internal/modules/cjs/loader:1476:15)
    at wrapResolveFilename (node:internal/modules/cjs/loader:1049:27)
    at resolveForCJSWithHooks (node:internal/modules/cjs/loader:1094:12)
    at require.resolve (node:internal/modules/helpers:171:31)
    at Delegate.findFunctionsBinary (C:\Users\Dell\AppData\Roaming\npm\node_modules\firebase-tools\lib\deploy\functions\runtimes\node\index.js:101:33)
    at Delegate.spawnFunctionsProcess (C:\Users\Dell\AppData\Roaming\npm\node_modules\firebase-tools\lib\deploy\functions\runtimes\node\index.js:131:30)
    at Delegate.serveAdmin (C:\Users\Dell\AppData\Roaming\npm\node_modules\firebase-tools\lib\deploy\functions\runtimes\node\index.js:152:35)
    at Delegate.discoverBuild (C:\Users\Dell\AppData\Roaming\npm\node_modules\firebase-tools\lib\deploy\functions\runtimes\node\index.js:192:41)
    at process.processTicksAndRejections (node:internal/process/task_queues:104:5)
    at async loadCodebases (C:\Users\Dell\AppData\Roaming\npm\node_modules\firebase-tools\lib\deploy\functions\prepare.js:386:33)
[error] 
[error] Error: An unexpected error has occurred.
